<?xml version="1.0" encoding="UTF-8"?>
<!-- Generated by org.testng.reporters.JUnitReportReporter -->
<testsuite skipped="0" hostname="Nikita-PC" name="testcases.ContactsPageTest" tests="3" failures="0" timestamp="20 Nov 2018 10:14:51 GMT" time="54.848" errors="0">
  <testcase name="validateCreateNewContact" time="18.379" classname="testcases.ContactsPageTest"/>
  <testcase name="validateCreateNewContact" time="18.704" classname="testcases.ContactsPageTest"/>
  <testcase name="validateCreateNewContact" time="17.765" classname="testcases.ContactsPageTest"/>
</testsuite> <!-- testcases.ContactsPageTest -->
