<?xml version="1.0" encoding="UTF-8"?>
<!-- Generated by org.testng.reporters.JUnitReportReporter -->
<testsuite skipped="0" hostname="Nikita-PC" name="testcases.HomePageTest" tests="1" failures="0" timestamp="20 Nov 2018 10:14:51 GMT" time="19.035" errors="0">
  <testcase name="verifyHomePageTitleTest" time="19.035" classname="testcases.HomePageTest"/>
</testsuite> <!-- testcases.HomePageTest -->
