<?xml version="1.0" encoding="UTF-8"?>
<!-- Generated by org.testng.reporters.JUnitReportReporter -->
<testsuite skipped="0" hostname="Nikita-PC" name="testcases.LoginPageTest" tests="2" failures="0" timestamp="20 Nov 2018 10:14:51 GMT" time="32.317" errors="0">
  <testcase name="VerifyLoginPageTitleTest" time="18.670" classname="testcases.LoginPageTest"/>
  <testcase name="validLoginTest" time="13.647" classname="testcases.LoginPageTest"/>
</testsuite> <!-- testcases.LoginPageTest -->
