<?xml version="1.0" encoding="UTF-8"?>
<!-- Generated by org.testng.reporters.JUnitReportReporter -->
<testsuite skipped="0" hostname="Nikita-PC" name="testcases.LoginPageTest" tests="1" failures="0" timestamp="20 Nov 2018 10:21:09 GMT" time="7.296" errors="0">
  <testcase name="VerifyLoginPageTitleTest" time="7.296" classname="testcases.LoginPageTest"/>
</testsuite> <!-- testcases.LoginPageTest -->
