<?xml version="1.0" encoding="UTF-8"?>
<!-- Generated by org.testng.reporters.JUnitReportReporter -->
<testsuite skipped="0" hostname="Nikita-PC" name="testcases.ContactsPageTest" tests="3" failures="0" timestamp="20 Nov 2018 10:21:09 GMT" time="46.879" errors="0">
  <testcase name="validateCreateNewContact" time="17.005" classname="testcases.ContactsPageTest"/>
  <testcase name="validateCreateNewContact" time="14.794" classname="testcases.ContactsPageTest"/>
  <testcase name="validateCreateNewContact" time="15.080" classname="testcases.ContactsPageTest"/>
</testsuite> <!-- testcases.ContactsPageTest -->
